This is pdfTeX, Version 3.1415926-2.4-1.40.13 (MiKTeX 2.9) (preloaded format=pdflatex 2013.9.12)  8 NOV 2013 16:57
entering extended mode
**C:/Users/Lasse/Dropbox/comp*(1)/project4/project4_2013(1).tex
("C:/Users/Lasse/Dropbox/comp (1)/project4/project4_2013(1).tex"
LaTeX2e <2011/06/27>
Babel <v3.8m> and hyphenation patterns for english, afrikaans, ancientgreek, ar
abic, armenian, assamese, basque, bengali, bokmal, bulgarian, catalan, coptic, 
croatian, czech, danish, dutch, esperanto, estonian, farsi, finnish, french, ga
lician, german, german-x-2012-05-30, greek, gujarati, hindi, hungarian, iceland
ic, indonesian, interlingua, irish, italian, kannada, kurmanji, latin, latvian,
 lithuanian, malayalam, marathi, mongolian, mongolianlmc, monogreek, ngerman, n
german-x-2012-05-30, nynorsk, oriya, panjabi, pinyin, polish, portuguese, roman
ian, russian, sanskrit, serbian, slovak, slovenian, spanish, swedish, swissgerm
an, tamil, telugu, turkish, turkmen, ukenglish, ukrainian, uppersorbian, usengl
ishmax, welsh, loaded.
(E:\MiKTeX\tex\latex\base\article.cls
Document Class: article 2007/10/19 v1.4h Standard LaTeX document class
(E:\MiKTeX\tex\latex\base\size12.clo
File: size12.clo 2007/10/19 v1.4h Standard LaTeX file (size option)
)
\c@part=\count79
\c@section=\count80
\c@subsection=\count81
\c@subsubsection=\count82
\c@paragraph=\count83
\c@subparagraph=\count84
\c@figure=\count85
\c@table=\count86
\abovecaptionskip=\skip41
\belowcaptionskip=\skip42
\bibindent=\dimen102
) (E:\MiKTeX\tex\latex\tools\verbatim.sty
Package: verbatim 2003/08/22 v1.5q LaTeX2e package for verbatim enhancements
\every@verbatim=\toks14
\verbatim@line=\toks15
\verbatim@in@stream=\read1
) (C:\Users\Lasse\AppData\Roaming\MiKTeX\2.9\tex\latex\listings\listings.sty
(E:\MiKTeX\tex\latex\graphics\keyval.sty
Package: keyval 1999/03/16 v1.13 key=value parser (DPC)
\KV@toks@=\toks16
)
\lst@mode=\count87
\lst@gtempboxa=\box26
\lst@token=\toks17
\lst@length=\count88
\lst@currlwidth=\dimen103
\lst@column=\count89
\lst@pos=\count90
\lst@lostspace=\dimen104
\lst@width=\dimen105
\lst@newlines=\count91
\lst@lineno=\count92
\lst@maxwidth=\dimen106

(C:\Users\Lasse\AppData\Roaming\MiKTeX\2.9\tex\latex\listings\lstmisc.sty
File: lstmisc.sty 2013/08/26 1.5b (Carsten Heinz)
\c@lstnumber=\count93
\lst@skipnumbers=\count94
\lst@framebox=\box27
)
(C:\Users\Lasse\AppData\Roaming\MiKTeX\2.9\tex\latex\listings\listings.cfg
File: listings.cfg 2013/08/26 1.5b listings configuration
))
Package: listings 2013/08/26 1.5b (Carsten Heinz)

(E:\MiKTeX\tex\latex\graphics\graphicx.sty
Package: graphicx 1999/02/16 v1.0f Enhanced LaTeX Graphics (DPC,SPQR)

(E:\MiKTeX\tex\latex\graphics\graphics.sty
Package: graphics 2009/02/05 v1.0o Standard LaTeX Graphics (DPC,SPQR)

(E:\MiKTeX\tex\latex\graphics\trig.sty
Package: trig 1999/03/16 v1.09 sin cos tan (DPC)
)
(E:\MiKTeX\tex\latex\00miktex\graphics.cfg
File: graphics.cfg 2007/01/18 v1.5 graphics configuration of teTeX/TeXLive
)
Package graphics Info: Driver file: pdftex.def on input line 91.

(E:\MiKTeX\tex\latex\pdftex-def\pdftex.def
File: pdftex.def 2011/05/27 v0.06d Graphics/color for pdfTeX

(E:\MiKTeX\tex\generic\oberdiek\infwarerr.sty
Package: infwarerr 2010/04/08 v1.3 Providing info/warning/error messages (HO)
)
(E:\MiKTeX\tex\generic\oberdiek\ltxcmds.sty
Package: ltxcmds 2011/11/09 v1.22 LaTeX kernel commands for general use (HO)
)
\Gread@gobject=\count95
))
\Gin@req@height=\dimen107
\Gin@req@width=\dimen108
)
(C:\Users\Lasse\AppData\Roaming\MiKTeX\2.9\tex\latex\a4wide\a4wide.sty
Package: a4wide 1994/08/30

(C:\Users\Lasse\AppData\Roaming\MiKTeX\2.9\tex\latex\ntgclass\a4.sty
Package: a4 2004/04/15 v1.2g A4 based page layout
))
(E:\MiKTeX\tex\latex\graphics\color.sty
Package: color 2005/11/14 v1.0j Standard LaTeX Color (DPC)
 (E:\MiKTeX\tex\latex\00miktex\color.cfg
File: color.cfg 2007/01/18 v1.5 color configuration of teTeX/TeXLive
)
Package color Info: Driver file: pdftex.def on input line 130.
) (E:\MiKTeX\tex\latex\amsmath\amsmath.sty
Package: amsmath 2013/01/14 v2.14 AMS math features
\@mathmargin=\skip43

For additional information on amsmath, use the `?' option.
(E:\MiKTeX\tex\latex\amsmath\amstext.sty
Package: amstext 2000/06/29 v2.01

(E:\MiKTeX\tex\latex\amsmath\amsgen.sty
File: amsgen.sty 1999/11/30 v2.0
\@emptytoks=\toks18
\ex@=\dimen109
))
(E:\MiKTeX\tex\latex\amsmath\amsbsy.sty
Package: amsbsy 1999/11/29 v1.2d
\pmbraise@=\dimen110
)
(E:\MiKTeX\tex\latex\amsmath\amsopn.sty
Package: amsopn 1999/12/14 v2.01 operator names
)
\inf@bad=\count96
LaTeX Info: Redefining \frac on input line 210.
\uproot@=\count97
\leftroot@=\count98
LaTeX Info: Redefining \overline on input line 306.
\classnum@=\count99
\DOTSCASE@=\count100
LaTeX Info: Redefining \ldots on input line 378.
LaTeX Info: Redefining \dots on input line 381.
LaTeX Info: Redefining \cdots on input line 466.
\Mathstrutbox@=\box28
\strutbox@=\box29
\big@size=\dimen111
LaTeX Font Info:    Redeclaring font encoding OML on input line 566.
LaTeX Font Info:    Redeclaring font encoding OMS on input line 567.
\macc@depth=\count101
\c@MaxMatrixCols=\count102
\dotsspace@=\muskip10
\c@parentequation=\count103
\dspbrk@lvl=\count104
\tag@help=\toks19
\row@=\count105
\column@=\count106
\maxfields@=\count107
\andhelp@=\toks20
\eqnshift@=\dimen112
\alignsep@=\dimen113
\tagshift@=\dimen114
\tagwidth@=\dimen115
\totwidth@=\dimen116
\lineht@=\dimen117
\@envbody=\toks21
\multlinegap=\skip44
\multlinetaggap=\skip45
\mathdisplay@stack=\toks22
LaTeX Info: Redefining \[ on input line 2665.
LaTeX Info: Redefining \] on input line 2666.
)
(E:\MiKTeX\tex\latex\amsfonts\amssymb.sty
Package: amssymb 2013/01/14 v3.01 AMS font symbols

(E:\MiKTeX\tex\latex\amsfonts\amsfonts.sty
Package: amsfonts 2013/01/14 v3.01 Basic AMSFonts support
\symAMSa=\mathgroup4
\symAMSb=\mathgroup5
LaTeX Font Info:    Overwriting math alphabet `\mathfrak' in version `bold'
(Font)                  U/euf/m/n --> U/euf/b/n on input line 106.
))
(E:\MiKTeX\tex\latex\base\fontenc.sty
Package: fontenc 2005/09/27 v1.99g Standard LaTeX package
 (E:\MiKTeX\tex\latex\base\t1enc.def
File: t1enc.def 2005/09/27 v1.99g Standard LaTeX file
LaTeX Font Info:    Redeclaring font encoding T1 on input line 43.
))
(C:\Users\Lasse\AppData\Roaming\MiKTeX\2.9\tex\latex\cite\cite.sty
LaTeX Info: Redefining \cite on input line 302.
LaTeX Info: Redefining \nocite on input line 373.
Package: cite 2010/09/10  v 5.3
)
(E:\MiKTeX\tex\latex\ltxmisc\shadow.sty
Package: shadow 2003/02/19 v1.3 shadow boxes (M.O.)
\txtwdth=\dimen118
\sht=\dimen119
\shw=\dimen120
\shbox=\box30
\sboxsep=\dimen121
\sboxrule=\dimen122
\sdim=\dimen123
)
(E:\MiKTeX\tex\latex\hyperref\hyperref.sty
Package: hyperref 2012/11/06 v6.83m Hypertext links for LaTeX

(E:\MiKTeX\tex\generic\oberdiek\hobsub-hyperref.sty
Package: hobsub-hyperref 2012/04/25 v1.12 Bundle oberdiek, subset hyperref (HO)


(E:\MiKTeX\tex\generic\oberdiek\hobsub-generic.sty
Package: hobsub-generic 2012/04/25 v1.12 Bundle oberdiek, subset generic (HO)
Package: hobsub 2012/04/25 v1.12 Construct package bundles (HO)
Package hobsub Info: Skipping package `infwarerr' (already loaded).
Package hobsub Info: Skipping package `ltxcmds' (already loaded).
Package: ifluatex 2010/03/01 v1.3 Provides the ifluatex switch (HO)
Package ifluatex Info: LuaTeX not detected.
Package: ifvtex 2010/03/01 v1.5 Detect VTeX and its facilities (HO)
Package ifvtex Info: VTeX not detected.
Package: intcalc 2007/09/27 v1.1 Expandable calculations with integers (HO)
Package: ifpdf 2011/01/30 v2.3 Provides the ifpdf switch (HO)
Package ifpdf Info: pdfTeX in PDF mode is detected.
Package: etexcmds 2011/02/16 v1.5 Avoid name clashes with e-TeX commands (HO)
Package etexcmds Info: Could not find \expanded.
(etexcmds)             That can mean that you are not using pdfTeX 1.50 or
(etexcmds)             that some package has redefined \expanded.
(etexcmds)             In the latter case, load this package earlier.
Package: kvsetkeys 2012/04/25 v1.16 Key value parser (HO)
Package: kvdefinekeys 2011/04/07 v1.3 Define keys (HO)
Package: pdftexcmds 2011/11/29 v0.20 Utility functions of pdfTeX for LuaTeX (HO
)
Package pdftexcmds Info: LuaTeX not detected.
Package pdftexcmds Info: \pdf@primitive is available.
Package pdftexcmds Info: \pdf@ifprimitive is available.
Package pdftexcmds Info: \pdfdraftmode found.
Package: pdfescape 2011/11/25 v1.13 Implements pdfTeX's escape features (HO)
Package: bigintcalc 2012/04/08 v1.3 Expandable calculations on big integers (HO
)
Package: bitset 2011/01/30 v1.1 Handle bit-vector datatype (HO)
Package: uniquecounter 2011/01/30 v1.2 Provide unlimited unique counter (HO)
)
Package hobsub Info: Skipping package `hobsub' (already loaded).
Package: letltxmacro 2010/09/02 v1.4 Let assignment for LaTeX macros (HO)
Package: hopatch 2011/06/24 v1.1 Wrapper for package hooks (HO)
Package: xcolor-patch 2011/01/30 xcolor patch
Package: atveryend 2011/06/30 v1.8 Hooks at the very end of document (HO)
Package atveryend Info: \enddocument detected (standard20110627).
Package: atbegshi 2011/10/05 v1.16 At begin shipout hook (HO)
Package: refcount 2011/10/16 v3.4 Data extraction from label references (HO)
Package: hycolor 2011/01/30 v1.7 Color options for hyperref/bookmark (HO)
)
(E:\MiKTeX\tex\generic\ifxetex\ifxetex.sty
Package: ifxetex 2010/09/12 v0.6 Provides ifxetex conditional
)
(E:\MiKTeX\tex\latex\oberdiek\auxhook.sty
Package: auxhook 2011/03/04 v1.3 Hooks for auxiliary files (HO)
)
(E:\MiKTeX\tex\latex\oberdiek\kvoptions.sty
Package: kvoptions 2011/06/30 v3.11 Key value format for package options (HO)
)
\@linkdim=\dimen124
\Hy@linkcounter=\count108
\Hy@pagecounter=\count109

(E:\MiKTeX\tex\latex\hyperref\pd1enc.def
File: pd1enc.def 2012/11/06 v6.83m Hyperref: PDFDocEncoding definition (HO)
)
\Hy@SavedSpaceFactor=\count110

(E:\MiKTeX\tex\latex\00miktex\hyperref.cfg
File: hyperref.cfg 2002/06/06 v1.2 hyperref configuration of TeXLive
)
Package hyperref Info: Hyper figures OFF on input line 4443.
Package hyperref Info: Link nesting OFF on input line 4448.
Package hyperref Info: Hyper index ON on input line 4451.
Package hyperref Info: Plain pages OFF on input line 4458.
Package hyperref Info: Backreferencing OFF on input line 4463.
Package hyperref Info: Implicit mode ON; LaTeX internals redefined.
Package hyperref Info: Bookmarks ON on input line 4688.
\c@Hy@tempcnt=\count111

(E:\MiKTeX\tex\latex\ltxmisc\url.sty
\Urlmuskip=\muskip11
Package: url 2006/04/12  ver 3.3  Verb mode for urls, etc.
)
LaTeX Info: Redefining \url on input line 5041.
\XeTeXLinkMargin=\dimen125
\Fld@menulength=\count112
\Field@Width=\dimen126
\Fld@charsize=\dimen127
Package hyperref Info: Hyper figures OFF on input line 6295.
Package hyperref Info: Link nesting OFF on input line 6300.
Package hyperref Info: Hyper index ON on input line 6303.
Package hyperref Info: backreferencing OFF on input line 6310.
Package hyperref Info: Link coloring OFF on input line 6315.
Package hyperref Info: Link coloring with OCG OFF on input line 6320.
Package hyperref Info: PDF/A mode OFF on input line 6325.
LaTeX Info: Redefining \ref on input line 6365.
LaTeX Info: Redefining \pageref on input line 6369.
\Hy@abspage=\count113
\c@Item=\count114
\c@Hfootnote=\count115
)

Package hyperref Message: Driver (autodetected): hpdftex.

(E:\MiKTeX\tex\latex\hyperref\hpdftex.def
File: hpdftex.def 2012/11/06 v6.83m Hyperref driver for pdfTeX
\Fld@listcount=\count116
\c@bookmark@seq@number=\count117

(E:\MiKTeX\tex\latex\oberdiek\rerunfilecheck.sty
Package: rerunfilecheck 2011/04/15 v1.7 Rerun checks for auxiliary files (HO)
Package uniquecounter Info: New unique counter `rerunfilecheck' on input line 2
82.
)
\Hy@SectionHShift=\skip46
)
(C:\Users\Lasse\AppData\Roaming\MiKTeX\2.9\tex\latex\fancyhdr\fancyhdr.sty
\fancy@headwidth=\skip47
\f@ncyO@elh=\skip48
\f@ncyO@erh=\skip49
\f@ncyO@olh=\skip50
\f@ncyO@orh=\skip51
\f@ncyO@elf=\skip52
\f@ncyO@erf=\skip53
\f@ncyO@olf=\skip54
\f@ncyO@orf=\skip55
)

Package Fancyhdr Warning: \fancyhead's `E' option without twoside option is use
less on input line 16.


LaTeX Warning: Unused global option(s):
    [a4wide].

("C:\Users\Lasse\Dropbox\comp (1)\project4\project4_2013(1).aux")
LaTeX Font Info:    Checking defaults for OML/cmm/m/it on input line 18.
LaTeX Font Info:    ... okay on input line 18.
LaTeX Font Info:    Checking defaults for T1/cmr/m/n on input line 18.
LaTeX Font Info:    ... okay on input line 18.
LaTeX Font Info:    Checking defaults for OT1/cmr/m/n on input line 18.
LaTeX Font Info:    ... okay on input line 18.
LaTeX Font Info:    Checking defaults for OMS/cmsy/m/n on input line 18.
LaTeX Font Info:    ... okay on input line 18.
LaTeX Font Info:    Checking defaults for OMX/cmex/m/n on input line 18.
LaTeX Font Info:    ... okay on input line 18.
LaTeX Font Info:    Checking defaults for U/cmr/m/n on input line 18.
LaTeX Font Info:    ... okay on input line 18.
LaTeX Font Info:    Checking defaults for PD1/pdf/m/n on input line 18.
LaTeX Font Info:    ... okay on input line 18.
\c@lstlisting=\count118

(C:\Users\Lasse\AppData\Roaming\MiKTeX\2.9\tex\context\base\supp-pdf.mkii
[Loading MPS to PDF converter (version 2006.09.02).]
\scratchcounter=\count119
\scratchdimen=\dimen128
\scratchbox=\box31
\nofMPsegments=\count120
\nofMParguments=\count121
\everyMPshowfont=\toks23
\MPscratchCnt=\count122
\MPscratchDim=\dimen129
\MPnumerator=\count123
\makeMPintoPDFobject=\count124
\everyMPtoPDFconversion=\toks24
)
\AtBeginShipoutBox=\box32
Package hyperref Info: Link coloring OFF on input line 18.
 (E:\MiKTeX\tex\latex\hyperref\nameref.sty
Package: nameref 2012/10/27 v2.43 Cross-referencing by name of section

(E:\MiKTeX\tex\generic\oberdiek\gettitlestring.sty
Package: gettitlestring 2010/12/03 v1.4 Cleanup title references (HO)
)
\c@section@level=\count125
)
LaTeX Info: Redefining \ref on input line 18.
LaTeX Info: Redefining \pageref on input line 18.
LaTeX Info: Redefining \nameref on input line 18.

("C:\Users\Lasse\Dropbox\comp (1)\project4\project4_2013(1).out")
("C:\Users\Lasse\Dropbox\comp (1)\project4\project4_2013(1).out")
\@outlinefile=\write3
LaTeX Font Info:    Try loading font information for T1+cmtt on input line 26.

(E:\MiKTeX\tex\latex\base\t1cmtt.fd
File: t1cmtt.fd 1999/05/25 v2.5h Standard LaTeX font definitions
)
LaTeX Font Info:    Try loading font information for U+msa on input line 26.
 (E:\MiKTeX\tex\latex\amsfonts\umsa.fd
File: umsa.fd 2013/01/14 v3.01 AMS symbols A
)
LaTeX Font Info:    Try loading font information for U+msb on input line 26.

(E:\MiKTeX\tex\latex\amsfonts\umsb.fd
File: umsb.fd 2013/01/14 v3.01 AMS symbols B
)

Package Fancyhdr Warning: \headheight is too small (12.0pt): 
 Make it at least 14.49998pt.
 We now make it that large for the rest of the document.
 This may cause the page layout to be inconsistent, however.

[1{C:/Users/Lasse/AppData/Local/MiKTeX/2.9/pdftex/config/pdftex.map}

] [2]
[3] <Forwarddx101.png, id=35, 642.4pt x 481.8pt>
File: Forwarddx101.png Graphic file (type png)
 <use Forwarddx101.png>
Package pdftex.def Info: Forwarddx101.png used on input line 154.
(pdftex.def)             Requested size: 230.36061pt x 172.7715pt.

<Backwarddx101.png, id=36, 642.4pt x 481.8pt>
File: Backwarddx101.png Graphic file (type png)
 <use Backwarddx101.png>
Package pdftex.def Info: Backwarddx101.png used on input line 155.
(pdftex.def)             Requested size: 230.36061pt x 172.7715pt.

<Crankdx101.png, id=37, 642.4pt x 481.8pt>
File: Crankdx101.png Graphic file (type png)
 <use Crankdx101.png>
Package pdftex.def Info: Crankdx101.png used on input line 156.
(pdftex.def)             Requested size: 230.36061pt x 172.7715pt.

<Closedform1.png, id=38, 642.4pt x 481.8pt>
File: Closedform1.png Graphic file (type png)
 <use Closedform1.png>
Package pdftex.def Info: Closedform1.png used on input line 157.
(pdftex.def)             Requested size: 230.36061pt x 172.7715pt.

Overfull \hbox (2.61047pt too wide) in paragraph at lines 154--158
[][] []
 []


Overfull \hbox (2.61047pt too wide) in paragraph at lines 154--158
[] [] 
 []

<Forwarddx10100.png, id=39, 642.4pt x 481.8pt>
File: Forwarddx10100.png Graphic file (type png)
 <use Forwarddx10100.png>
Package pdftex.def Info: Forwarddx10100.png used on input line 162.
(pdftex.def)             Requested size: 230.36061pt x 172.7715pt.

<Backwarddx10100.png, id=40, 642.4pt x 481.8pt>
File: Backwarddx10100.png Graphic file (type png)
 <use Backwarddx10100.png>
Package pdftex.def Info: Backwarddx10100.png used on input line 163.
(pdftex.def)             Requested size: 230.36061pt x 172.7715pt.

<Crankdx10100.png, id=41, 642.4pt x 481.8pt>
File: Crankdx10100.png Graphic file (type png)
 <use Crankdx10100.png>
Package pdftex.def Info: Crankdx10100.png used on input line 164.
(pdftex.def)             Requested size: 230.36061pt x 172.7715pt.

<Closedform10100.png, id=42, 642.4pt x 481.8pt>
File: Closedform10100.png Graphic file (type png)
 <use Closedform10100.png>
Package pdftex.def Info: Closedform10100.png used on input line 165.
(pdftex.def)             Requested size: 230.36061pt x 172.7715pt.

Overfull \hbox (2.61047pt too wide) in paragraph at lines 162--166
[][] []
 []


Overfull \hbox (2.61047pt too wide) in paragraph at lines 162--166
[] [] 
 []

<Forwarddx101000.png, id=43, 642.4pt x 481.8pt>
File: Forwarddx101000.png Graphic file (type png)
 <use Forwarddx101000.png>
Package pdftex.def Info: Forwarddx101000.png used on input line 170.
(pdftex.def)             Requested size: 230.36061pt x 172.7715pt.

<Backwarddx101000.png, id=44, 642.4pt x 481.8pt>
File: Backwarddx101000.png Graphic file (type png)
 <use Backwarddx101000.png>
Package pdftex.def Info: Backwarddx101000.png used on input line 171.
(pdftex.def)             Requested size: 230.36061pt x 172.7715pt.

<Crankdx101000.png, id=45, 642.4pt x 481.8pt>
File: Crankdx101000.png Graphic file (type png)
 <use Crankdx101000.png>
Package pdftex.def Info: Crankdx101000.png used on input line 172.
(pdftex.def)             Requested size: 230.36061pt x 172.7715pt.

<Closedform101000.png, id=46, 642.4pt x 481.8pt>
File: Closedform101000.png Graphic file (type png)
 <use Closedform101000.png>
Package pdftex.def Info: Closedform101000.png used on input line 173.
(pdftex.def)             Requested size: 230.36061pt x 172.7715pt.

Overfull \hbox (2.61047pt too wide) in paragraph at lines 170--174
[][] []
 []


Overfull \hbox (2.61047pt too wide) in paragraph at lines 170--174
[] [] 
 []

<Forwarddx1001.png, id=47, 642.4pt x 481.8pt>
File: Forwarddx1001.png Graphic file (type png)
 <use Forwarddx1001.png>
Package pdftex.def Info: Forwarddx1001.png used on input line 178.
(pdftex.def)             Requested size: 230.36061pt x 172.7715pt.

<Backwarddx1001.png, id=48, 642.4pt x 481.8pt>
File: Backwarddx1001.png Graphic file (type png)
 <use Backwarddx1001.png>
Package pdftex.def Info: Backwarddx1001.png used on input line 179.
(pdftex.def)             Requested size: 230.36061pt x 172.7715pt.

<Crankdx1001.png, id=49, 642.4pt x 481.8pt>
File: Crankdx1001.png Graphic file (type png)
 <use Crankdx1001.png>
Package pdftex.def Info: Crankdx1001.png used on input line 180.
(pdftex.def)             Requested size: 230.36061pt x 172.7715pt.

<Closedform1001.png, id=50, 642.4pt x 481.8pt>
File: Closedform1001.png Graphic file (type png)
 <use Closedform1001.png>
Package pdftex.def Info: Closedform1001.png used on input line 181.
(pdftex.def)             Requested size: 230.36061pt x 172.7715pt.

Overfull \hbox (2.61047pt too wide) in paragraph at lines 178--182
[][] []
 []


Overfull \hbox (2.61047pt too wide) in paragraph at lines 178--182
[] [] 
 []

<Forwarddx100100.png, id=51, 642.4pt x 481.8pt>
File: Forwarddx100100.png Graphic file (type png)
 <use Forwarddx100100.png>
Package pdftex.def Info: Forwarddx100100.png used on input line 186.
(pdftex.def)             Requested size: 230.36061pt x 172.7715pt.

<Backwarddx100100.png, id=52, 642.4pt x 481.8pt>
File: Backwarddx100100.png Graphic file (type png)
 <use Backwarddx100100.png>
Package pdftex.def Info: Backwarddx100100.png used on input line 187.
(pdftex.def)             Requested size: 230.36061pt x 172.7715pt.

<Crankdx100100.png, id=53, 642.4pt x 481.8pt>
File: Crankdx100100.png Graphic file (type png)
 <use Crankdx100100.png>
Package pdftex.def Info: Crankdx100100.png used on input line 188.
(pdftex.def)             Requested size: 230.36061pt x 172.7715pt.

<Closedform100100.png, id=54, 642.4pt x 481.8pt>
File: Closedform100100.png Graphic file (type png)
 <use Closedform100100.png>
Package pdftex.def Info: Closedform100100.png used on input line 189.
(pdftex.def)             Requested size: 230.36061pt x 172.7715pt.

Overfull \hbox (2.61047pt too wide) in paragraph at lines 186--190
[][] []
 []


Overfull \hbox (2.61047pt too wide) in paragraph at lines 186--190
[] [] 
 []

Package atveryend Info: Empty hook `BeforeClearDocument' on input line 193.
[4 <C:/Users/Lasse/Dropbox/comp (1)/project4/Forwarddx101.png> <C:/Users/Lasse/
Dropbox/comp (1)/project4/Backwarddx101.png> <C:/Users/Lasse/Dropbox/comp (1)/p
roject4/Crankdx101.png> <C:/Users/Lasse/Dropbox/comp (1)/project4/Closedform1.p
ng>] [5 <C:/Users/Lasse/Dropbox/comp (1)/project4/Forwarddx10100.png> <C:/Users
/Lasse/Dropbox/comp (1)/project4/Backwarddx10100.png> <C:/Users/Lasse/Dropbox/c
omp (1)/project4/Crankdx10100.png> <C:/Users/Lasse/Dropbox/comp (1)/project4/Cl
osedform10100.png>] [6 <C:/Users/Lasse/Dropbox/comp (1)/project4/Forwarddx10100
0.png> <C:/Users/Lasse/Dropbox/comp (1)/project4/Backwarddx101000.png> <C:/User
s/Lasse/Dropbox/comp (1)/project4/Crankdx101000.png> <C:/Users/Lasse/Dropbox/co
mp (1)/project4/Closedform101000.png>] [7 <C:/Users/Lasse/Dropbox/comp (1)/proj
ect4/Forwarddx1001.png> <C:/Users/Lasse/Dropbox/comp (1)/project4/Backwarddx100
1.png> <C:/Users/Lasse/Dropbox/comp (1)/project4/Crankdx1001.png> <C:/Users/Las
se/Dropbox/comp (1)/project4/Closedform1001.png>] [8 <C:/Users/Lasse/Dropbox/co
mp (1)/project4/Forwarddx100100.png> <C:/Users/Lasse/Dropbox/comp (1)/project4/
Backwarddx100100.png> <C:/Users/Lasse/Dropbox/comp (1)/project4/Crankdx100100.p
ng> <C:/Users/Lasse/Dropbox/comp (1)/project4/Closedform100100.png>]
Package atveryend Info: Empty hook `AfterLastShipout' on input line 193.

("C:\Users\Lasse\Dropbox\comp (1)\project4\project4_2013(1).aux")
Package atveryend Info: Executing hook `AtVeryEndDocument' on input line 193.
Package atveryend Info: Executing hook `AtEndAfterFileList' on input line 193.
Package rerunfilecheck Info: File `project4_2013(1).out' has not changed.
(rerunfilecheck)             Checksum: D41D8CD98F00B204E9800998ECF8427E;0.
Package atveryend Info: Empty hook `AtVeryVeryEnd' on input line 193.
 ) 
Here is how much of TeX's memory you used:
 7643 strings out of 493921
 108032 string characters out of 3154500
 193571 words of memory out of 3000000
 10808 multiletter control sequences out of 15000+200000
 13271 words of font info for 39 fonts, out of 3000000 for 9000
 841 hyphenation exceptions out of 8191
 31i,12n,43p,568b,337s stack positions out of 5000i,500n,10000p,200000b,50000s
 <C:\Users\Lasse\AppData\Local\MiKTeX\2.9\fonts\pk\ljfour\jknappen\ec\dpi600\
ectt1200.pk> <C:\Users\Lasse\AppData\Local\MiKTeX\2.9\fonts\pk\ljfour\jknappen\
ec\dpi600\ecbx1440.pk> <C:\Users\Lasse\AppData\Local\MiKTeX\2.9\fonts\pk\ljfour
\jknappen\ec\dpi600\ecbx1728.pk> <C:\Users\Lasse\AppData\Local\MiKTeX\2.9\fonts
\pk\ljfour\jknappen\ec\dpi600\ecrm1200.pk><E:/MiKTeX/fonts/type1/public/amsfont
s/cm/cmex10.pfb><E:/MiKTeX/fonts/type1/public/amsfonts/cm/cmmi12.pfb><E:/MiKTeX
/fonts/type1/public/amsfonts/cm/cmmi8.pfb><E:/MiKTeX/fonts/type1/public/amsfont
s/cm/cmr12.pfb><E:/MiKTeX/fonts/type1/public/amsfonts/cm/cmr6.pfb><E:/MiKTeX/fo
nts/type1/public/amsfonts/cm/cmr8.pfb><E:/MiKTeX/fonts/type1/public/amsfonts/cm
/cmsy10.pfb><E:/MiKTeX/fonts/type1/public/amsfonts/cm/cmsy8.pfb>
Output written on project4_2013(1).pdf (8 pages, 218241 bytes).
PDF statistics:
 261 PDF objects out of 1000 (max. 8388607)
 20 named destinations out of 1000 (max. 500000)
 101 words of extra memory for PDF output out of 10000 (max. 10000000)

