This is pdfTeX, Version 3.1415926-2.4-1.40.13 (MiKTeX 2.9) (preloaded format=pdflatex 2013.10.27)  27 OCT 2013 20:36
entering extended mode
**C:/Users/Lasse/Dropbox/comp*(1)/project3/project3_2013.tex
("C:/Users/Lasse/Dropbox/comp (1)/project3/project3_2013.tex"
LaTeX2e <2011/06/27>
Babel <v3.8m> and hyphenation patterns for english, afrikaans, ancientgreek, ar
abic, armenian, assamese, basque, bengali, bokmal, bulgarian, catalan, coptic, 
croatian, czech, danish, dutch, esperanto, estonian, farsi, finnish, french, ga
lician, german, german-x-2012-05-30, greek, gujarati, hindi, hungarian, iceland
ic, indonesian, interlingua, irish, italian, kannada, kurmanji, latin, latvian,
 lithuanian, malayalam, marathi, mongolian, mongolianlmc, monogreek, ngerman, n
german-x-2012-05-30, nynorsk, oriya, panjabi, pinyin, polish, portuguese, roman
ian, russian, sanskrit, serbian, slovak, slovenian, spanish, swedish, swissgerm
an, tamil, telugu, turkish, turkmen, ukenglish, ukrainian, uppersorbian, usengl
ishmax, welsh, loaded.
("C:\Program Files (x86)\MiKTeX 2.9\tex\latex\base\article.cls"
Document Class: article 2007/10/19 v1.4h Standard LaTeX document class
("C:\Program Files (x86)\MiKTeX 2.9\tex\latex\base\size12.clo"
File: size12.clo 2007/10/19 v1.4h Standard LaTeX file (size option)
)
\c@part=\count79
\c@section=\count80
\c@subsection=\count81
\c@subsubsection=\count82
\c@paragraph=\count83
\c@subparagraph=\count84
\c@figure=\count85
\c@table=\count86
\abovecaptionskip=\skip41
\belowcaptionskip=\skip42
\bibindent=\dimen102
)
("C:\Program Files (x86)\MiKTeX 2.9\tex\latex\tools\verbatim.sty"
Package: verbatim 2003/08/22 v1.5q LaTeX2e package for verbatim enhancements
\every@verbatim=\toks14
\verbatim@line=\toks15
\verbatim@in@stream=\read1
)
(C:\Users\Lasse\AppData\Roaming\MiKTeX\2.9\tex\latex\listings\listings.sty
("C:\Program Files (x86)\MiKTeX 2.9\tex\latex\graphics\keyval.sty"
Package: keyval 1999/03/16 v1.13 key=value parser (DPC)
\KV@toks@=\toks16
)
\lst@mode=\count87
\lst@gtempboxa=\box26
\lst@token=\toks17
\lst@length=\count88
\lst@currlwidth=\dimen103
\lst@column=\count89
\lst@pos=\count90
\lst@lostspace=\dimen104
\lst@width=\dimen105
\lst@newlines=\count91
\lst@lineno=\count92
\lst@maxwidth=\dimen106

(C:\Users\Lasse\AppData\Roaming\MiKTeX\2.9\tex\latex\listings\lstmisc.sty
File: lstmisc.sty 2013/08/26 1.5b (Carsten Heinz)
\c@lstnumber=\count93
\lst@skipnumbers=\count94
\lst@framebox=\box27
)
(C:\Users\Lasse\AppData\Roaming\MiKTeX\2.9\tex\latex\listings\listings.cfg
File: listings.cfg 2013/08/26 1.5b listings configuration
))
Package: listings 2013/08/26 1.5b (Carsten Heinz)

("C:\Program Files (x86)\MiKTeX 2.9\tex\latex\graphics\graphicx.sty"
Package: graphicx 1999/02/16 v1.0f Enhanced LaTeX Graphics (DPC,SPQR)

("C:\Program Files (x86)\MiKTeX 2.9\tex\latex\graphics\graphics.sty"
Package: graphics 2009/02/05 v1.0o Standard LaTeX Graphics (DPC,SPQR)

("C:\Program Files (x86)\MiKTeX 2.9\tex\latex\graphics\trig.sty"
Package: trig 1999/03/16 v1.09 sin cos tan (DPC)
)
("C:\Program Files (x86)\MiKTeX 2.9\tex\latex\00miktex\graphics.cfg"
File: graphics.cfg 2007/01/18 v1.5 graphics configuration of teTeX/TeXLive
)
Package graphics Info: Driver file: pdftex.def on input line 91.

("C:\Program Files (x86)\MiKTeX 2.9\tex\latex\pdftex-def\pdftex.def"
File: pdftex.def 2011/05/27 v0.06d Graphics/color for pdfTeX

("C:\Program Files (x86)\MiKTeX 2.9\tex\generic\oberdiek\infwarerr.sty"
Package: infwarerr 2010/04/08 v1.3 Providing info/warning/error messages (HO)
)
("C:\Program Files (x86)\MiKTeX 2.9\tex\generic\oberdiek\ltxcmds.sty"
Package: ltxcmds 2011/11/09 v1.22 LaTeX kernel commands for general use (HO)
)
\Gread@gobject=\count95
))
\Gin@req@height=\dimen107
\Gin@req@width=\dimen108
)
(C:\Users\Lasse\AppData\Roaming\MiKTeX\2.9\tex\latex\a4wide\a4wide.sty
Package: a4wide 1994/08/30

(C:\Users\Lasse\AppData\Roaming\MiKTeX\2.9\tex\latex\ntgclass\a4.sty
Package: a4 2004/04/15 v1.2g A4 based page layout
))
("C:\Program Files (x86)\MiKTeX 2.9\tex\latex\graphics\color.sty"
Package: color 2005/11/14 v1.0j Standard LaTeX Color (DPC)

("C:\Program Files (x86)\MiKTeX 2.9\tex\latex\00miktex\color.cfg"
File: color.cfg 2007/01/18 v1.5 color configuration of teTeX/TeXLive
)
Package color Info: Driver file: pdftex.def on input line 130.
)
("C:\Program Files (x86)\MiKTeX 2.9\tex\latex\amsmath\amsmath.sty"
Package: amsmath 2013/01/14 v2.14 AMS math features
\@mathmargin=\skip43

For additional information on amsmath, use the `?' option.
("C:\Program Files (x86)\MiKTeX 2.9\tex\latex\amsmath\amstext.sty"
Package: amstext 2000/06/29 v2.01

("C:\Program Files (x86)\MiKTeX 2.9\tex\latex\amsmath\amsgen.sty"
File: amsgen.sty 1999/11/30 v2.0
\@emptytoks=\toks18
\ex@=\dimen109
))
("C:\Program Files (x86)\MiKTeX 2.9\tex\latex\amsmath\amsbsy.sty"
Package: amsbsy 1999/11/29 v1.2d
\pmbraise@=\dimen110
)
("C:\Program Files (x86)\MiKTeX 2.9\tex\latex\amsmath\amsopn.sty"
Package: amsopn 1999/12/14 v2.01 operator names
)
\inf@bad=\count96
LaTeX Info: Redefining \frac on input line 210.
\uproot@=\count97
\leftroot@=\count98
LaTeX Info: Redefining \overline on input line 306.
\classnum@=\count99
\DOTSCASE@=\count100
LaTeX Info: Redefining \ldots on input line 378.
LaTeX Info: Redefining \dots on input line 381.
LaTeX Info: Redefining \cdots on input line 466.
\Mathstrutbox@=\box28
\strutbox@=\box29
\big@size=\dimen111
LaTeX Font Info:    Redeclaring font encoding OML on input line 566.
LaTeX Font Info:    Redeclaring font encoding OMS on input line 567.
\macc@depth=\count101
\c@MaxMatrixCols=\count102
\dotsspace@=\muskip10
\c@parentequation=\count103
\dspbrk@lvl=\count104
\tag@help=\toks19
\row@=\count105
\column@=\count106
\maxfields@=\count107
\andhelp@=\toks20
\eqnshift@=\dimen112
\alignsep@=\dimen113
\tagshift@=\dimen114
\tagwidth@=\dimen115
\totwidth@=\dimen116
\lineht@=\dimen117
\@envbody=\toks21
\multlinegap=\skip44
\multlinetaggap=\skip45
\mathdisplay@stack=\toks22
LaTeX Info: Redefining \[ on input line 2665.
LaTeX Info: Redefining \] on input line 2666.
)
("C:\Program Files (x86)\MiKTeX 2.9\tex\latex\amsfonts\amssymb.sty"
Package: amssymb 2013/01/14 v3.01 AMS font symbols

("C:\Program Files (x86)\MiKTeX 2.9\tex\latex\amsfonts\amsfonts.sty"
Package: amsfonts 2013/01/14 v3.01 Basic AMSFonts support
\symAMSa=\mathgroup4
\symAMSb=\mathgroup5
LaTeX Font Info:    Overwriting math alphabet `\mathfrak' in version `bold'
(Font)                  U/euf/m/n --> U/euf/b/n on input line 106.
))
("C:\Program Files (x86)\MiKTeX 2.9\tex\latex\base\fontenc.sty"
Package: fontenc 2005/09/27 v1.99g Standard LaTeX package

("C:\Program Files (x86)\MiKTeX 2.9\tex\latex\base\t1enc.def"
File: t1enc.def 2005/09/27 v1.99g Standard LaTeX file
LaTeX Font Info:    Redeclaring font encoding T1 on input line 43.
))
(C:\Users\Lasse\AppData\Roaming\MiKTeX\2.9\tex\latex\cite\cite.sty
LaTeX Info: Redefining \cite on input line 302.
LaTeX Info: Redefining \nocite on input line 373.
Package: cite 2010/09/10  v 5.3
)
("C:\Program Files (x86)\MiKTeX 2.9\tex\latex\ltxmisc\shadow.sty"
Package: shadow 2003/02/19 v1.3 shadow boxes (M.O.)
\txtwdth=\dimen118
\sht=\dimen119
\shw=\dimen120
\shbox=\box30
\sboxsep=\dimen121
\sboxrule=\dimen122
\sdim=\dimen123
)
("C:\Program Files (x86)\MiKTeX 2.9\tex\latex\hyperref\hyperref.sty"
Package: hyperref 2012/11/06 v6.83m Hypertext links for LaTeX

("C:\Program Files (x86)\MiKTeX 2.9\tex\generic\oberdiek\hobsub-hyperref.sty"
Package: hobsub-hyperref 2012/04/25 v1.12 Bundle oberdiek, subset hyperref (HO)


("C:\Program Files (x86)\MiKTeX 2.9\tex\generic\oberdiek\hobsub-generic.sty"
Package: hobsub-generic 2012/04/25 v1.12 Bundle oberdiek, subset generic (HO)
Package: hobsub 2012/04/25 v1.12 Construct package bundles (HO)
Package hobsub Info: Skipping package `infwarerr' (already loaded).
Package hobsub Info: Skipping package `ltxcmds' (already loaded).
Package: ifluatex 2010/03/01 v1.3 Provides the ifluatex switch (HO)
Package ifluatex Info: LuaTeX not detected.
Package: ifvtex 2010/03/01 v1.5 Detect VTeX and its facilities (HO)
Package ifvtex Info: VTeX not detected.
Package: intcalc 2007/09/27 v1.1 Expandable calculations with integers (HO)
Package: ifpdf 2011/01/30 v2.3 Provides the ifpdf switch (HO)
Package ifpdf Info: pdfTeX in PDF mode is detected.
Package: etexcmds 2011/02/16 v1.5 Avoid name clashes with e-TeX commands (HO)
Package etexcmds Info: Could not find \expanded.
(etexcmds)             That can mean that you are not using pdfTeX 1.50 or
(etexcmds)             that some package has redefined \expanded.
(etexcmds)             In the latter case, load this package earlier.
Package: kvsetkeys 2012/04/25 v1.16 Key value parser (HO)
Package: kvdefinekeys 2011/04/07 v1.3 Define keys (HO)
Package: pdftexcmds 2011/11/29 v0.20 Utility functions of pdfTeX for LuaTeX (HO
)
Package pdftexcmds Info: LuaTeX not detected.
Package pdftexcmds Info: \pdf@primitive is available.
Package pdftexcmds Info: \pdf@ifprimitive is available.
Package pdftexcmds Info: \pdfdraftmode found.
Package: pdfescape 2011/11/25 v1.13 Implements pdfTeX's escape features (HO)
Package: bigintcalc 2012/04/08 v1.3 Expandable calculations on big integers (HO
)
Package: bitset 2011/01/30 v1.1 Handle bit-vector datatype (HO)
Package: uniquecounter 2011/01/30 v1.2 Provide unlimited unique counter (HO)
)
Package hobsub Info: Skipping package `hobsub' (already loaded).
Package: letltxmacro 2010/09/02 v1.4 Let assignment for LaTeX macros (HO)
Package: hopatch 2011/06/24 v1.1 Wrapper for package hooks (HO)
Package: xcolor-patch 2011/01/30 xcolor patch
Package: atveryend 2011/06/30 v1.8 Hooks at the very end of document (HO)
Package atveryend Info: \enddocument detected (standard20110627).
Package: atbegshi 2011/10/05 v1.16 At begin shipout hook (HO)
Package: refcount 2011/10/16 v3.4 Data extraction from label references (HO)
Package: hycolor 2011/01/30 v1.7 Color options for hyperref/bookmark (HO)
)
("C:\Program Files (x86)\MiKTeX 2.9\tex\generic\ifxetex\ifxetex.sty"
Package: ifxetex 2010/09/12 v0.6 Provides ifxetex conditional
)
("C:\Program Files (x86)\MiKTeX 2.9\tex\latex\oberdiek\auxhook.sty"
Package: auxhook 2011/03/04 v1.3 Hooks for auxiliary files (HO)
)
("C:\Program Files (x86)\MiKTeX 2.9\tex\latex\oberdiek\kvoptions.sty"
Package: kvoptions 2011/06/30 v3.11 Key value format for package options (HO)
)
\@linkdim=\dimen124
\Hy@linkcounter=\count108
\Hy@pagecounter=\count109

("C:\Program Files (x86)\MiKTeX 2.9\tex\latex\hyperref\pd1enc.def"
File: pd1enc.def 2012/11/06 v6.83m Hyperref: PDFDocEncoding definition (HO)
)
\Hy@SavedSpaceFactor=\count110

("C:\Program Files (x86)\MiKTeX 2.9\tex\latex\00miktex\hyperref.cfg"
File: hyperref.cfg 2002/06/06 v1.2 hyperref configuration of TeXLive
)
Package hyperref Info: Hyper figures OFF on input line 4443.
Package hyperref Info: Link nesting OFF on input line 4448.
Package hyperref Info: Hyper index ON on input line 4451.
Package hyperref Info: Plain pages OFF on input line 4458.
Package hyperref Info: Backreferencing OFF on input line 4463.
Package hyperref Info: Implicit mode ON; LaTeX internals redefined.
Package hyperref Info: Bookmarks ON on input line 4688.
\c@Hy@tempcnt=\count111

("C:\Program Files (x86)\MiKTeX 2.9\tex\latex\ltxmisc\url.sty"
\Urlmuskip=\muskip11
Package: url 2006/04/12  ver 3.3  Verb mode for urls, etc.
)
LaTeX Info: Redefining \url on input line 5041.
\XeTeXLinkMargin=\dimen125
\Fld@menulength=\count112
\Field@Width=\dimen126
\Fld@charsize=\dimen127
Package hyperref Info: Hyper figures OFF on input line 6295.
Package hyperref Info: Link nesting OFF on input line 6300.
Package hyperref Info: Hyper index ON on input line 6303.
Package hyperref Info: backreferencing OFF on input line 6310.
Package hyperref Info: Link coloring OFF on input line 6315.
Package hyperref Info: Link coloring with OCG OFF on input line 6320.
Package hyperref Info: PDF/A mode OFF on input line 6325.
LaTeX Info: Redefining \ref on input line 6365.
LaTeX Info: Redefining \pageref on input line 6369.
\Hy@abspage=\count113
\c@Item=\count114
\c@Hfootnote=\count115
)

Package hyperref Message: Driver (autodetected): hpdftex.

("C:\Program Files (x86)\MiKTeX 2.9\tex\latex\hyperref\hpdftex.def"
File: hpdftex.def 2012/11/06 v6.83m Hyperref driver for pdfTeX
\Fld@listcount=\count116
\c@bookmark@seq@number=\count117

("C:\Program Files (x86)\MiKTeX 2.9\tex\latex\oberdiek\rerunfilecheck.sty"
Package: rerunfilecheck 2011/04/15 v1.7 Rerun checks for auxiliary files (HO)
Package uniquecounter Info: New unique counter `rerunfilecheck' on input line 2
82.
)
\Hy@SectionHShift=\skip46
)
(C:\Users\Lasse\AppData\Roaming\MiKTeX\2.9\tex\latex\fancyhdr\fancyhdr.sty
\fancy@headwidth=\skip47
\f@ncyO@elh=\skip48
\f@ncyO@erh=\skip49
\f@ncyO@olh=\skip50
\f@ncyO@orh=\skip51
\f@ncyO@elf=\skip52
\f@ncyO@erf=\skip53
\f@ncyO@olf=\skip54
\f@ncyO@orf=\skip55
)
(C:\Users\Lasse\AppData\Roaming\MiKTeX\2.9\tex\latex\morefloats\morefloats.sty
Package: morefloats 2012/01/28 v1.0f Raise limit of unprocessed floats (HMM; DH
)
Package morefloats Info: Maximum number of possible floats asked for: 36.
(morefloats)             LaTeX might run out of memory before this
(morefloats)             (in which case it will notify you).
(morefloats)              on input line 171.
\bx@S=\insert233
\bx@T=\insert232
\bx@U=\insert231
\bx@V=\insert230
\bx@W=\insert229
\bx@X=\insert228
\bx@Y=\insert227
\bx@Z=\insert226
\bx@AA=\insert225
\bx@AB=\insert224
\bx@AC=\insert223
\bx@AD=\insert222
\bx@AE=\insert221
\bx@AF=\insert220
\bx@AG=\insert219
\bx@AH=\insert218
\bx@AI=\insert217
\bx@AJ=\insert216
)

LaTeX Warning: Unused global option(s):
    [a4wide].

("C:\Users\Lasse\Dropbox\comp (1)\project3\project3_2013.aux")
LaTeX Font Info:    Checking defaults for OML/cmm/m/it on input line 20.
LaTeX Font Info:    ... okay on input line 20.
LaTeX Font Info:    Checking defaults for T1/cmr/m/n on input line 20.
LaTeX Font Info:    ... okay on input line 20.
LaTeX Font Info:    Checking defaults for OT1/cmr/m/n on input line 20.
LaTeX Font Info:    ... okay on input line 20.
LaTeX Font Info:    Checking defaults for OMS/cmsy/m/n on input line 20.
LaTeX Font Info:    ... okay on input line 20.
LaTeX Font Info:    Checking defaults for OMX/cmex/m/n on input line 20.
LaTeX Font Info:    ... okay on input line 20.
LaTeX Font Info:    Checking defaults for U/cmr/m/n on input line 20.
LaTeX Font Info:    ... okay on input line 20.
LaTeX Font Info:    Checking defaults for PD1/pdf/m/n on input line 20.
LaTeX Font Info:    ... okay on input line 20.
\c@lstlisting=\count118

(C:\Users\Lasse\AppData\Roaming\MiKTeX\2.9\tex\context\base\supp-pdf.mkii
[Loading MPS to PDF converter (version 2006.09.02).]
\scratchcounter=\count119
\scratchdimen=\dimen128
\scratchbox=\box31
\nofMPsegments=\count120
\nofMParguments=\count121
\everyMPshowfont=\toks23
\MPscratchCnt=\count122
\MPscratchDim=\dimen129
\MPnumerator=\count123
\makeMPintoPDFobject=\count124
\everyMPtoPDFconversion=\toks24
)
\AtBeginShipoutBox=\box32
Package hyperref Info: Link coloring OFF on input line 20.
 ("C:\Program Files (x86)\MiKTeX 2.9\tex\latex\hyperref\nameref.sty"
Package: nameref 2012/10/27 v2.43 Cross-referencing by name of section

("C:\Program Files (x86)\MiKTeX 2.9\tex\generic\oberdiek\gettitlestring.sty"
Package: gettitlestring 2010/12/03 v1.4 Cleanup title references (HO)
)
\c@section@level=\count125
)
LaTeX Info: Redefining \ref on input line 20.
LaTeX Info: Redefining \pageref on input line 20.
LaTeX Info: Redefining \nameref on input line 20.

("C:\Users\Lasse\Dropbox\comp (1)\project3\project3_2013.out")
("C:\Users\Lasse\Dropbox\comp (1)\project3\project3_2013.out")
\@outlinefile=\write3
LaTeX Font Info:    Try loading font information for U+msa on input line 32.

("C:\Program Files (x86)\MiKTeX 2.9\tex\latex\amsfonts\umsa.fd"
File: umsa.fd 2013/01/14 v3.01 AMS symbols A
)
LaTeX Font Info:    Try loading font information for U+msb on input line 32.

("C:\Program Files (x86)\MiKTeX 2.9\tex\latex\amsfonts\umsb.fd"
File: umsb.fd 2013/01/14 v3.01 AMS symbols B
)

Package Fancyhdr Warning: \headheight is too small (12.0pt): 
 Make it at least 14.49998pt.
 We now make it that large for the rest of the document.
 This may cause the page layout to be inconsistent, however.

[1{C:/Users/Lasse/AppData/Local/MiKTeX/2.9/pdftex/config/pdftex.map}

]
LaTeX Font Info:    Try loading font information for T1+cmtt on input line 66.

("C:\Program Files (x86)\MiKTeX 2.9\tex\latex\base\t1cmtt.fd"
File: t1cmtt.fd 1999/05/25 v2.5h Standard LaTeX font definitions
) [2]
<Earth16km.png, id=67, 642.4pt x 481.8pt>
File: Earth16km.png Graphic file (type png)
 <use Earth16km.png>
Package pdftex.def Info: Earth16km.png used on input line 100.
(pdftex.def)             Requested size: 230.36061pt x 172.7715pt.

<Earth17km.png, id=68, 642.4pt x 481.8pt>
File: Earth17km.png Graphic file (type png)
 <use Earth17km.png>
Package pdftex.def Info: Earth17km.png used on input line 105.
(pdftex.def)             Requested size: 230.36061pt x 172.7715pt.

<jord20km.png, id=69, 642.4pt x 481.8pt>
File: jord20km.png Graphic file (type png)
 <use jord20km.png>
Package pdftex.def Info: jord20km.png used on input line 110.
(pdftex.def)             Requested size: 230.36061pt x 172.7715pt.

<jordmedsol.png, id=70, 642.4pt x 481.8pt>
File: jordmedsol.png Graphic file (type png)
 <use jordmedsol.png>
Package pdftex.def Info: jordmedsol.png used on input line 115.
(pdftex.def)             Requested size: 230.36061pt x 172.7715pt.

<jordmedsoldt5.png, id=71, 642.4pt x 481.8pt>
File: jordmedsoldt5.png Graphic file (type png)
 <use jordmedsoldt5.png>
Package pdftex.def Info: jordmedsoldt5.png used on input line 120.
(pdftex.def)             Requested size: 230.36061pt x 172.7715pt.

<jordmedsoldt10.png, id=72, 642.4pt x 481.8pt>
File: jordmedsoldt10.png Graphic file (type png)
 <use jordmedsoldt10.png>
Package pdftex.def Info: jordmedsoldt10.png used on input line 125.
(pdftex.def)             Requested size: 230.36061pt x 172.7715pt.

<jordmedsoldt20.png, id=73, 642.4pt x 481.8pt>
File: jordmedsoldt20.png Graphic file (type png)
 <use jordmedsoldt20.png>
Package pdftex.def Info: jordmedsoldt20.png used on input line 130.
(pdftex.def)             Requested size: 230.36061pt x 172.7715pt.

<energy.png, id=74, 642.4pt x 481.8pt>
File: energy.png Graphic file (type png)
 <use energy.png>
Package pdftex.def Info: energy.png used on input line 135.
(pdftex.def)             Requested size: 230.36061pt x 172.7715pt.

<spin.png, id=75, 642.4pt x 481.8pt>
File: spin.png Graphic file (type png)
 <use spin.png>
Package pdftex.def Info: spin.png used on input line 140.
(pdftex.def)             Requested size: 230.36061pt x 172.7715pt.

<jordesc40.png, id=76, 642.4pt x 481.8pt>
File: jordesc40.png Graphic file (type png)
 <use jordesc40.png>
Package pdftex.def Info: jordesc40.png used on input line 145.
(pdftex.def)             Requested size: 230.36061pt x 172.7715pt.

<jordesc417.png, id=77, 642.4pt x 481.8pt>
File: jordesc417.png Graphic file (type png)
 <use jordesc417.png>
Package pdftex.def Info: jordesc417.png used on input line 150.
(pdftex.def)             Requested size: 230.36061pt x 172.7715pt.

<jordesc42.png, id=78, 642.4pt x 481.8pt>
File: jordesc42.png Graphic file (type png)
 <use jordesc42.png>
Package pdftex.def Info: jordesc42.png used on input line 155.
(pdftex.def)             Requested size: 230.36061pt x 172.7715pt.

<jordjup.png, id=79, 642.4pt x 481.8pt>
File: jordjup.png Graphic file (type png)
 <use jordjup.png>
Package pdftex.def Info: jordjup.png used on input line 160.
(pdftex.def)             Requested size: 230.36061pt x 172.7715pt.

<jordjup10.png, id=80, 642.4pt x 481.8pt>
File: jordjup10.png Graphic file (type png)
 <use jordjup10.png>
Package pdftex.def Info: jordjup10.png used on input line 165.
(pdftex.def)             Requested size: 230.36061pt x 172.7715pt.

<jordjupsol1000.png, id=81, 642.4pt x 481.8pt>
File: jordjupsol1000.png Graphic file (type png)
 <use jordjupsol1000.png>
Package pdftex.def Info: jordjupsol1000.png used on input line 170.
(pdftex.def)             Requested size: 230.36061pt x 172.7715pt.

<jordjupsol1000dt202.png, id=82, 642.4pt x 481.8pt>
File: jordjupsol1000dt202.png Graphic file (type png)

<use jordjupsol1000dt202.png>
Package pdftex.def Info: jordjupsol1000dt202.png used on input line 175.
(pdftex.def)             Requested size: 230.36061pt x 172.7715pt.
 <solarsystem.png, id=83, 642.4pt x 481.8pt>
File: solarsystem.png Graphic file (type png)

<use solarsystem.png>
Package pdftex.def Info: solarsystem.png used on input line 181.
(pdftex.def)             Requested size: 230.36061pt x 172.7715pt.
 <innersolar.png, id=84, 642.4pt x 481.8pt>
File: innersolar.png Graphic file (type png)

<use innersolar.png>
Package pdftex.def Info: innersolar.png used on input line 187.
(pdftex.def)             Requested size: 230.36061pt x 172.7715pt.
 <sun.png, id=85, 642.4pt x 481.8pt>
File: sun.png Graphic file (type png)
 <use sun.png>
Package pdftex.def Info: sun.png used on input line 193.
(pdftex.def)             Requested size: 230.36061pt x 172.7715pt.

<Mercuryrel.png, id=86, 642.4pt x 481.8pt>
File: Mercuryrel.png Graphic file (type png)
 <use Mercuryrel.png>
Package pdftex.def Info: Mercuryrel.png used on input line 199.
(pdftex.def)             Requested size: 230.36061pt x 172.7715pt.

<venus.png, id=87, 642.4pt x 481.8pt>
File: venus.png Graphic file (type png)
 <use venus.png>
Package pdftex.def Info: venus.png used on input line 205.
(pdftex.def)             Requested size: 230.36061pt x 172.7715pt.

<Earth.png, id=88, 642.4pt x 481.8pt>
File: Earth.png Graphic file (type png)
 <use Earth.png>
Package pdftex.def Info: Earth.png used on input line 211.
(pdftex.def)             Requested size: 230.36061pt x 172.7715pt.

<Mars.png, id=89, 642.4pt x 481.8pt>
File: Mars.png Graphic file (type png)
 <use Mars.png>
Package pdftex.def Info: Mars.png used on input line 217.
(pdftex.def)             Requested size: 230.36061pt x 172.7715pt.
Package atveryend Info: Empty hook `BeforeClearDocument' on input line 222.
 [3] [4 <C:/Users/Lasse/Dropbox/comp (1)/project3/Earth16km.png> <C:/Users/Lass
e/Dropbox/comp (1)/project3/Earth17km.png>] [5 <C:/Users/Lasse/Dropbox/comp (1)
/project3/jord20km.png> <C:/Users/Lasse/Dropbox/comp (1)/project3/jordmedsol.pn
g>] [6 <C:/Users/Lasse/Dropbox/comp (1)/project3/jordmedsoldt5.png> <C:/Users/L
asse/Dropbox/comp (1)/project3/jordmedsoldt10.png> <C:/Users/Lasse/Dropbox/comp
 (1)/project3/jordmedsoldt20.png>] [7 <C:/Users/Lasse/Dropbox/comp (1)/project3
/energy.png> <C:/Users/Lasse/Dropbox/comp (1)/project3/spin.png> <C:/Users/Lass
e/Dropbox/comp (1)/project3/jordesc40.png>] [8 <C:/Users/Lasse/Dropbox/comp (1)
/project3/jordesc417.png> <C:/Users/Lasse/Dropbox/comp (1)/project3/jordesc42.p
ng>] [9 <C:/Users/Lasse/Dropbox/comp (1)/project3/jordjup.png> <C:/Users/Lasse/
Dropbox/comp (1)/project3/jordjup10.png> <C:/Users/Lasse/Dropbox/comp (1)/proje
ct3/jordjupsol1000.png>]
[10 <C:/Users/Lasse/Dropbox/comp (1)/project3/jordjupsol1000dt202.png> <C:/User
s/Lasse/Dropbox/comp (1)/project3/solarsystem.png>] [11 <C:/Users/Lasse/Dropbox
/comp (1)/project3/innersolar.png> <C:/Users/Lasse/Dropbox/comp (1)/project3/su
n.png> <C:/Users/Lasse/Dropbox/comp (1)/project3/Mercuryrel.png>] [12 <C:/Users
/Lasse/Dropbox/comp (1)/project3/venus.png> <C:/Users/Lasse/Dropbox/comp (1)/pr
oject3/Earth.png> <C:/Users/Lasse/Dropbox/comp (1)/project3/Mars.png>]
Package atveryend Info: Empty hook `AfterLastShipout' on input line 222.

("C:\Users\Lasse\Dropbox\comp (1)\project3\project3_2013.aux")
Package atveryend Info: Executing hook `AtVeryEndDocument' on input line 222.
Package atveryend Info: Executing hook `AtEndAfterFileList' on input line 222.
Package rerunfilecheck Info: File `project3_2013.out' has not changed.
(rerunfilecheck)             Checksum: D41D8CD98F00B204E9800998ECF8427E;0.
Package atveryend Info: Empty hook `AtVeryVeryEnd' on input line 222.
 ) 
Here is how much of TeX's memory you used:
 7738 strings out of 493921
 110878 string characters out of 3144875
 195853 words of memory out of 3000000
 10874 multiletter control sequences out of 15000+200000
 13271 words of font info for 39 fonts, out of 3000000 for 9000
 841 hyphenation exceptions out of 8191
 31i,12n,43p,612b,337s stack positions out of 5000i,500n,10000p,200000b,50000s
 <C:\Users\Lasse\AppData\Local\MiKTeX\2.9\fonts\pk\ljfour\jknappen\ec\dpi600\
ectt1200.pk> <C:\Users\Lasse\AppData\Local\MiKTeX\2.9\fonts\pk\ljfour\jknappen\
ec\dpi600\ecbx1440.pk> <C:\Users\Lasse\AppData\Local\MiKTeX\2.9\fonts\pk\ljfour
\jknappen\ec\dpi600\ecbx1728.pk> <C:\Users\Lasse\AppData\Local\MiKTeX\2.9\fonts
\pk\ljfour\jknappen\ec\dpi600\ecrm1200.pk><C:/Program Files (x86)/MiKTeX 2.9/fo
nts/type1/public/amsfonts/cm/cmmi12.pfb><C:/Program Files (x86)/MiKTeX 2.9/font
s/type1/public/amsfonts/cm/cmmi8.pfb><C:/Program Files (x86)/MiKTeX 2.9/fonts/t
ype1/public/amsfonts/cm/cmr12.pfb><C:/Program Files (x86)/MiKTeX 2.9/fonts/type
1/public/amsfonts/cm/cmr8.pfb><C:/Program Files (x86)/MiKTeX 2.9/fonts/type1/pu
blic/amsfonts/cm/cmsy10.pfb><C:/Program Files (x86)/MiKTeX 2.9/fonts/type1/publ
ic/amsfonts/cm/cmsy8.pfb>
Output written on project3_2013.pdf (12 pages, 242729 bytes).
PDF statistics:
 322 PDF objects out of 1000 (max. 8388607)
 42 named destinations out of 1000 (max. 500000)
 116 words of extra memory for PDF output out of 10000 (max. 10000000)

